2025-03-01 01:25:19,535 - INFO - 服务器启动...
2025-03-01 01:28:30,120 - INFO - 接收到图像数据请求
2025-03-01 01:28:32,422 - INFO - 检测完成: baobaohu(0.92)
2025-03-01 01:28:32,451 - INFO - 接收到图像数据请求
2025-03-01 01:28:32,586 - INFO - 检测完成: baobaohu(0.93)
2025-03-01 01:28:32,620 - INFO - 接收到图像数据请求
2025-03-01 01:28:32,756 - WARNING - 检测到低置信度目标,图片已保存: logs\low_conf_images\20250301\baobaohu_86_20250301012832.jpg
2025-03-01 01:28:32,756 - INFO - 检测完成: baobaohu(0.87)
2025-03-01 01:28:32,777 - INFO - 接收到图像数据请求
2025-03-01 01:28:32,887 - WARNING - 检测到低置信度目标,图片已保存: logs\low_conf_images\20250301\baobaohu_86_20250301012832.jpg
2025-03-01 01:28:32,888 - INFO - 检测完成: baobaohu(0.86)
2025-03-01 01:28:32,907 - INFO - 接收到图像数据请求
2025-03-01 01:28:33,015 - WARNING - 未检测到目标,图片已保存: logs\low_conf_images\20250301\未检测_20250301012833.jpg
2025-03-01 01:28:33,015 - INFO - 检测完成: 
2025-03-01 01:32:28,713 - INFO - 接收到图像数据请求
2025-03-01 01:32:28,828 - INFO - 检测完成: jiaohuogu(0.99)
2025-03-01 01:32:28,854 - INFO - 接收到图像数据请求
2025-03-01 01:32:28,993 - WARNING - 检测到低置信度目标,图片已保存: logs\low_conf_images\20250301\jiaohuogu_69_20250301013228.jpg
2025-03-01 01:32:28,993 - INFO - 检测完成: jiaohuogu(0.69)
2025-03-01 01:32:29,043 - INFO - 接收到图像数据请求
2025-03-01 01:32:29,155 - WARNING - 检测到低置信度目标,图片已保存: logs\low_conf_images\20250301\jiaohuogu_67_20250301013229.jpg
2025-03-01 01:32:29,155 - INFO - 检测完成: jiaohuogu(0.67)
2025-03-01 01:32:29,179 - INFO - 接收到图像数据请求
2025-03-01 01:32:29,288 - WARNING - 未检测到目标,图片已保存: logs\low_conf_images\20250301\未检测_20250301013229.jpg
2025-03-01 01:32:29,289 - INFO - 检测完成: 
2025-03-01 01:32:29,305 - INFO - 接收到图像数据请求
2025-03-01 01:32:29,412 - WARNING - 未检测到目标,图片已保存: logs\low_conf_images\20250301\未检测_20250301013229.jpg
2025-03-01 01:32:29,412 - INFO - 检测完成: 
2025-03-01 01:34:18,094 - INFO - 接收到图像数据请求
2025-03-01 01:34:18,215 - INFO - 检测完成: jiaohuogu(0.99)
2025-03-01 01:34:18,245 - INFO - 接收到图像数据请求
2025-03-01 01:34:18,361 - INFO - 检测完成: jiaohuogu(0.98)
2025-03-01 01:34:18,382 - INFO - 接收到图像数据请求
2025-03-01 01:34:18,489 - INFO - 检测完成: jiaohuogu(0.99)
2025-03-01 01:34:18,505 - INFO - 接收到图像数据请求
2025-03-01 01:34:18,615 - INFO - 检测完成: jiaohuogu(0.95)
2025-03-01 01:34:18,635 - INFO - 接收到图像数据请求
2025-03-01 01:34:18,743 - INFO - 检测完成: jiaohuogu(0.96)
2025-03-01 01:36:07,429 - INFO - 接收到图像数据请求
2025-03-01 01:36:07,559 - INFO - 检测完成: zhamaotuo(0.93)
2025-03-01 01:36:07,599 - INFO - 接收到图像数据请求
2025-03-01 01:36:07,714 - INFO - 检测完成: zhamaotuo(0.95)
2025-03-01 01:36:07,736 - INFO - 接收到图像数据请求
2025-03-01 01:36:07,848 - WARNING - 检测到低置信度目标,图片已保存: logs\low_conf_images\20250301\zhamaotuo_64_20250301013607.jpg
2025-03-01 01:36:07,849 - INFO - 检测完成: zhamaotuo(0.64)
2025-03-01 01:36:07,868 - INFO - 接收到图像数据请求
2025-03-01 01:36:07,989 - WARNING - 检测到低置信度目标,图片已保存: logs\low_conf_images\20250301\zhamaotuo_47_20250301013607.jpg
2025-03-01 01:36:07,989 - INFO - 检测完成: zhamaotuo(0.47)
2025-03-01 01:36:08,009 - INFO - 接收到图像数据请求
2025-03-01 01:36:08,122 - WARNING - 未检测到目标,图片已保存: logs\low_conf_images\20250301\未检测_20250301013608.jpg
2025-03-01 01:36:08,122 - INFO - 检测完成: 
2025-03-01 01:37:56,852 - INFO - 接收到图像数据请求
2025-03-01 01:37:57,075 - INFO - 检测完成: jiaohuogu(1.00)
2025-03-01 01:37:57,095 - INFO - 接收到图像数据请求
2025-03-01 01:37:57,232 - INFO - 检测完成: jiaohuogu(1.00)
2025-03-01 01:37:57,270 - INFO - 接收到图像数据请求
2025-03-01 01:37:57,395 - WARNING - 未检测到目标,图片已保存: logs\low_conf_images\20250301\未检测_20250301013757.jpg
2025-03-01 01:37:57,395 - INFO - 检测完成: 
2025-03-01 01:37:57,410 - INFO - 接收到图像数据请求
2025-03-01 01:37:57,533 - WARNING - 未检测到目标,图片已保存: logs\low_conf_images\20250301\未检测_20250301013757.jpg
2025-03-01 01:37:57,533 - INFO - 检测完成: 
2025-03-01 01:37:57,546 - INFO - 接收到图像数据请求
2025-03-01 01:37:57,660 - WARNING - 未检测到目标,图片已保存: logs\low_conf_images\20250301\未检测_20250301013757.jpg
2025-03-01 01:37:57,661 - INFO - 检测完成: 
2025-03-01 01:39:46,346 - INFO - 接收到图像数据请求
2025-03-01 01:39:46,473 - INFO - 检测完成: dibengbeng(0.99)
2025-03-01 01:39:46,501 - INFO - 接收到图像数据请求
2025-03-01 01:39:46,619 - INFO - 检测完成: dibengbeng(0.99)
2025-03-01 01:39:46,645 - INFO - 接收到图像数据请求
2025-03-01 01:39:46,756 - WARNING - 检测到低置信度目标,图片已保存: logs\low_conf_images\20250301\dibengbeng_77_20250301013946.jpg
2025-03-01 01:39:46,758 - INFO - 检测完成: dibengbeng(0.78)
2025-03-01 01:39:46,777 - INFO - 接收到图像数据请求
2025-03-01 01:39:46,887 - WARNING - 未检测到目标,图片已保存: logs\low_conf_images\20250301\未检测_20250301013946.jpg
2025-03-01 01:39:46,887 - INFO - 检测完成: 
2025-03-01 01:39:46,908 - INFO - 接收到图像数据请求
2025-03-01 01:39:47,022 - WARNING - 未检测到目标,图片已保存: logs\low_conf_images\20250301\未检测_20250301013947.jpg
2025-03-01 01:39:47,023 - INFO - 检测完成: 
2025-03-01 01:41:35,630 - INFO - 接收到图像数据请求
2025-03-01 01:41:35,763 - INFO - 检测完成: dibengbeng(0.99)
2025-03-01 01:41:35,799 - INFO - 接收到图像数据请求
2025-03-01 01:41:35,918 - INFO - 检测完成: dibengbeng(1.00)
2025-03-01 01:41:35,954 - INFO - 接收到图像数据请求
2025-03-01 01:41:36,066 - INFO - 检测完成: dibengbeng(0.99)
2025-03-01 01:41:36,080 - INFO - 接收到图像数据请求
2025-03-01 01:41:36,209 - INFO - 检测完成: dibengbeng(0.99)
2025-03-01 01:41:36,244 - INFO - 接收到图像数据请求
2025-03-01 01:41:36,377 - INFO - 检测完成: dibengbeng(0.99)
2025-03-01 01:43:25,094 - INFO - 接收到图像数据请求
2025-03-01 01:43:25,210 - INFO - 检测完成: zhamaotuo(0.98)
2025-03-01 01:43:25,228 - INFO - 接收到图像数据请求
2025-03-01 01:43:25,364 - WARNING - 检测到低置信度目标,图片已保存: logs\low_conf_images\20250301\zhamaotuo_40_20250301014325.jpg
2025-03-01 01:43:25,365 - INFO - 检测完成: zhamaotuo(0.87), zhamaotuo(0.41)
2025-03-01 01:43:25,384 - INFO - 接收到图像数据请求
2025-03-01 01:43:25,530 - WARNING - 未检测到目标,图片已保存: logs\low_conf_images\20250301\未检测_20250301014325.jpg
2025-03-01 01:43:25,530 - INFO - 检测完成: 
2025-03-01 01:43:25,549 - INFO - 接收到图像数据请求
2025-03-01 01:43:25,688 - WARNING - 未检测到目标,图片已保存: logs\low_conf_images\20250301\未检测_20250301014325.jpg
2025-03-01 01:43:25,689 - INFO - 检测完成: 
2025-03-01 01:43:25,715 - INFO - 接收到图像数据请求
2025-03-01 01:43:25,857 - WARNING - 未检测到目标,图片已保存: logs\low_conf_images\20250301\未检测_20250301014325.jpg
2025-03-01 01:43:25,857 - INFO - 检测完成: 
2025-03-01 01:53:37,652 - INFO - 服务器启动...
2025-03-01 01:53:58,154 - INFO - 接收到图像数据请求
2025-03-01 01:54:02,816 - INFO - 检测完成: jiaohuogu(0.99)
2025-03-01 01:54:02,846 - INFO - 接收到图像数据请求
2025-03-01 01:54:02,997 - INFO - 检测完成: jiaohuogu(0.96)
2025-03-01 01:54:03,022 - INFO - 接收到图像数据请求
2025-03-01 01:54:03,175 - WARNING - 未检测到目标,图片已保存: logs\low_conf_images\20250301\未检测_20250301015403.jpg
2025-03-01 01:54:03,176 - INFO - 检测完成: 
2025-03-01 01:54:03,209 - INFO - 接收到图像数据请求
2025-03-01 01:54:03,341 - WARNING - 未检测到目标,图片已保存: logs\low_conf_images\20250301\未检测_20250301015403.jpg
2025-03-01 01:54:03,341 - INFO - 检测完成: 
2025-03-01 01:54:03,365 - INFO - 接收到图像数据请求
2025-03-01 01:54:03,480 - INFO - 检测完成: jiaohuogu(1.00)
2025-03-01 01:55:52,197 - INFO - 接收到图像数据请求
2025-03-01 01:55:52,328 - INFO - 检测完成: zhamaotuo(0.99)
2025-03-01 01:55:52,367 - INFO - 接收到图像数据请求
2025-03-01 01:55:52,487 - INFO - 检测完成: zhamaotuo(0.99)
2025-03-01 01:55:52,503 - INFO - 接收到图像数据请求
2025-03-01 01:55:52,686 - INFO - 检测完成: zhamaotuo(0.99)
2025-03-01 01:55:52,738 - INFO - 接收到图像数据请求
2025-03-01 01:55:52,989 - INFO - 检测完成: zhamaotuo(0.99)
2025-03-01 01:55:53,019 - INFO - 接收到图像数据请求
2025-03-01 01:55:53,199 - INFO - 检测完成: zhamaotuo(0.97)
2025-03-01 01:57:41,926 - INFO - 接收到图像数据请求
2025-03-01 01:57:42,054 - INFO - 检测完成: jiaohuogu(0.99)
2025-03-01 01:57:42,082 - INFO - 接收到图像数据请求
2025-03-01 01:57:42,218 - INFO - 检测完成: jiaohuogu(0.99)
2025-03-01 01:57:42,249 - INFO - 接收到图像数据请求
2025-03-01 01:57:42,381 - INFO - 检测完成: jiaohuogu(0.96)
2025-03-01 01:57:42,398 - INFO - 接收到图像数据请求
2025-03-01 01:57:42,512 - INFO - 检测完成: jiaohuogu(0.99)
2025-03-01 01:57:42,536 - INFO - 接收到图像数据请求
2025-03-01 01:57:42,652 - INFO - 检测完成: jiaohuogu(0.98)
2025-03-01 01:59:31,400 - INFO - 接收到图像数据请求
2025-03-01 01:59:31,523 - INFO - 检测完成: zhamaotuo(0.98)
2025-03-01 01:59:31,546 - INFO - 接收到图像数据请求
2025-03-01 01:59:31,669 - WARNING - 检测到低置信度目标,图片已保存: logs\low_conf_images\20250301\zhamaotuo_84_20250301015931.jpg
2025-03-01 01:59:31,670 - INFO - 检测完成: zhamaotuo(0.85)
2025-03-01 01:59:31,696 - INFO - 接收到图像数据请求
2025-03-01 01:59:31,848 - INFO - 检测完成: zhamaotuo(0.91)
2025-03-01 01:59:31,875 - INFO - 接收到图像数据请求
2025-03-01 01:59:32,001 - WARNING - 检测到低置信度目标,图片已保存: logs\low_conf_images\20250301\zhamaotuo_83_20250301015931.jpg
2025-03-01 01:59:32,002 - INFO - 检测完成: zhamaotuo(0.83)
2025-03-01 01:59:32,034 - INFO - 接收到图像数据请求
2025-03-01 01:59:32,189 - WARNING - 检测到低置信度目标,图片已保存: logs\low_conf_images\20250301\zhamaotuo_77_20250301015932.jpg
2025-03-01 01:59:32,189 - INFO - 检测完成: zhamaotuo(0.77)
2025-03-01 02:01:20,880 - INFO - 接收到图像数据请求
2025-03-01 02:01:21,100 - INFO - 检测完成: dibengbeng(0.99)
2025-03-01 02:01:21,117 - INFO - 接收到图像数据请求
2025-03-01 02:01:21,233 - INFO - 检测完成: dibengbeng(1.00)
2025-03-01 02:01:21,246 - INFO - 接收到图像数据请求
2025-03-01 02:01:21,357 - INFO - 检测完成: dibengbeng(0.99)
2025-03-01 02:01:21,384 - INFO - 接收到图像数据请求
2025-03-01 02:01:21,492 - WARNING - 检测到低置信度目标,图片已保存: logs\low_conf_images\20250301\dibengbeng_81_20250301020121.jpg
2025-03-01 02:01:21,492 - INFO - 检测完成: dibengbeng(0.82)
2025-03-01 02:01:21,509 - INFO - 接收到图像数据请求
2025-03-01 02:01:21,620 - WARNING - 未检测到目标,图片已保存: logs\low_conf_images\20250301\未检测_20250301020121.jpg
2025-03-01 02:01:21,620 - INFO - 检测完成: 
2025-03-01 02:03:10,266 - INFO - 接收到图像数据请求
2025-03-01 02:03:10,381 - INFO - 检测完成: zhamaotuo(0.99)
2025-03-01 02:03:10,398 - INFO - 接收到图像数据请求
2025-03-01 02:03:10,548 - INFO - 检测完成: zhamaotuo(0.98)
2025-03-01 02:03:10,569 - INFO - 接收到图像数据请求
2025-03-01 02:03:10,711 - INFO - 检测完成: zhamaotuo(0.98)
2025-03-01 02:03:10,730 - INFO - 接收到图像数据请求
2025-03-01 02:03:10,914 - INFO - 检测完成: zhamaotuo(0.98)
2025-03-01 02:03:10,934 - INFO - 接收到图像数据请求
2025-03-01 02:03:11,049 - WARNING - 未检测到目标,图片已保存: logs\low_conf_images\20250301\未检测_20250301020311.jpg
2025-03-01 02:03:11,050 - INFO - 检测完成: 
2025-03-01 02:04:45,833 - INFO - 接收到图像数据请求
2025-03-01 02:04:45,946 - INFO - 检测完成: dibengbeng(0.97)
2025-03-01 02:04:45,975 - INFO - 接收到图像数据请求
2025-03-01 02:04:46,097 - INFO - 检测完成: dibengbeng(0.95)
2025-03-01 02:04:46,114 - INFO - 接收到图像数据请求
2025-03-01 02:04:46,238 - WARNING - 检测到低置信度目标,图片已保存: logs\low_conf_images\20250301\dibengbeng_61_20250301020446.jpg
2025-03-01 02:04:46,238 - INFO - 检测完成: dibengbeng(0.89), dibengbeng(0.61)
2025-03-01 02:04:46,257 - INFO - 接收到图像数据请求
2025-03-01 02:04:46,373 - WARNING - 检测到低置信度目标,图片已保存: logs\low_conf_images\20250301\dibengbeng_51_20250301020446.jpg
2025-03-01 02:04:46,373 - INFO - 检测完成: dibengbeng(0.51)
2025-03-01 02:04:46,392 - INFO - 接收到图像数据请求
2025-03-01 02:04:46,504 - WARNING - 检测到低置信度目标,图片已保存: logs\low_conf_images\20250301\dibengbeng_34_20250301020446.jpg
2025-03-01 02:04:46,505 - INFO - 检测完成: dibengbeng(0.34)
2025-03-01 02:04:46,525 - INFO - 接收到图像数据请求
2025-03-01 02:04:46,666 - WARNING - 检测到低置信度目标,图片已保存: logs\low_conf_images\20250301\dibengbeng_25_20250301020446.jpg
2025-03-01 02:04:46,666 - INFO - 检测完成: dibengbeng(0.26)
2025-03-01 02:04:46,692 - INFO - 接收到图像数据请求
2025-03-01 02:04:46,887 - WARNING - 未检测到目标,图片已保存: logs\low_conf_images\20250301\未检测_20250301020446.jpg
2025-03-01 02:04:46,888 - INFO - 检测完成: 
2025-03-01 02:04:46,916 - INFO - 接收到图像数据请求
2025-03-01 02:04:47,046 - WARNING - 未检测到目标,图片已保存: logs\low_conf_images\20250301\未检测_20250301020447.jpg
2025-03-01 02:04:47,046 - INFO - 检测完成: 
2025-03-01 02:04:47,064 - INFO - 接收到图像数据请求
2025-03-01 02:04:47,195 - WARNING - 未检测到目标,图片已保存: logs\low_conf_images\20250301\未检测_20250301020447.jpg
2025-03-01 02:04:47,195 - INFO - 检测完成: 
2025-03-01 02:04:47,220 - INFO - 接收到图像数据请求
2025-03-01 02:04:47,363 - WARNING - 未检测到目标,图片已保存: logs\low_conf_images\20250301\未检测_20250301020447.jpg
2025-03-01 02:04:47,364 - INFO - 检测完成: 
2025-03-01 02:07:05,437 - INFO - 接收到图像数据请求
2025-03-01 02:07:05,597 - INFO - 检测完成: zhamaotuo(0.95)
2025-03-01 02:07:05,658 - INFO - 接收到图像数据请求
2025-03-01 02:07:05,835 - INFO - 检测完成: zhamaotuo(0.95)
2025-03-01 02:07:05,887 - INFO - 接收到图像数据请求
2025-03-01 02:07:06,037 - INFO - 检测完成: zhamaotuo(0.98)
2025-03-01 02:07:06,068 - INFO - 接收到图像数据请求
2025-03-01 02:07:06,245 - WARNING - 未检测到目标,图片已保存: logs\low_conf_images\20250301\未检测_20250301020706.jpg
2025-03-01 02:07:06,245 - INFO - 检测完成: 
2025-03-01 02:07:06,282 - INFO - 接收到图像数据请求
2025-03-01 02:07:06,413 - WARNING - 未检测到目标,图片已保存: logs\low_conf_images\20250301\未检测_20250301020706.jpg
2025-03-01 02:07:06,414 - INFO - 检测完成: 
2025-03-01 02:07:06,453 - INFO - 接收到图像数据请求
2025-03-01 02:07:06,592 - WARNING - 未检测到目标,图片已保存: logs\low_conf_images\20250301\未检测_20250301020706.jpg
2025-03-01 02:07:06,592 - INFO - 检测完成: 
2025-03-01 02:07:06,607 - INFO - 接收到图像数据请求
2025-03-01 02:07:06,747 - WARNING - 未检测到目标,图片已保存: logs\low_conf_images\20250301\未检测_20250301020706.jpg
2025-03-01 02:07:06,747 - INFO - 检测完成: 
2025-03-01 02:07:06,768 - INFO - 接收到图像数据请求
2025-03-01 02:07:06,915 - WARNING - 未检测到目标,图片已保存: logs\low_conf_images\20250301\未检测_20250301020706.jpg
2025-03-01 02:07:06,915 - INFO - 检测完成: 
2025-03-01 02:07:06,940 - INFO - 接收到图像数据请求
2025-03-01 02:07:07,068 - WARNING - 未检测到目标,图片已保存: logs\low_conf_images\20250301\未检测_20250301020707.jpg
2025-03-01 02:07:07,068 - INFO - 检测完成: 
2025-03-01 02:07:07,090 - INFO - 接收到图像数据请求
2025-03-01 02:07:07,230 - WARNING - 未检测到目标,图片已保存: logs\low_conf_images\20250301\未检测_20250301020707.jpg
2025-03-01 02:07:07,230 - INFO - 检测完成: 
2025-03-01 02:08:56,177 - INFO - 接收到图像数据请求
2025-03-01 02:08:56,292 - INFO - 检测完成: jiaohuogu(0.99)
2025-03-01 02:08:56,311 - INFO - 接收到图像数据请求
2025-03-01 02:08:56,466 - INFO - 检测完成: jiaohuogu(0.99)
2025-03-01 02:08:56,494 - INFO - 接收到图像数据请求
2025-03-01 02:08:56,603 - WARNING - 未检测到目标,图片已保存: logs\low_conf_images\20250301\未检测_20250301020856.jpg
2025-03-01 02:08:56,603 - INFO - 检测完成: 
2025-03-01 02:08:56,620 - INFO - 接收到图像数据请求
2025-03-01 02:08:56,722 - WARNING - 未检测到目标,图片已保存: logs\low_conf_images\20250301\未检测_20250301020856.jpg
2025-03-01 02:08:56,724 - INFO - 检测完成: 
2025-03-01 02:08:56,739 - INFO - 接收到图像数据请求
2025-03-01 02:08:56,850 - WARNING - 未检测到目标,图片已保存: logs\low_conf_images\20250301\未检测_20250301020856.jpg
2025-03-01 02:08:56,850 - INFO - 检测完成: 
2025-03-01 02:08:56,876 - INFO - 接收到图像数据请求
2025-03-01 02:08:56,997 - WARNING - 未检测到目标,图片已保存: logs\low_conf_images\20250301\未检测_20250301020856.jpg
2025-03-01 02:08:56,997 - INFO - 检测完成: 
2025-03-01 02:08:57,015 - INFO - 接收到图像数据请求
2025-03-01 02:08:57,134 - WARNING - 未检测到目标,图片已保存: logs\low_conf_images\20250301\未检测_20250301020857.jpg
2025-03-01 02:08:57,135 - INFO - 检测完成: 
2025-03-01 02:08:57,151 - INFO - 接收到图像数据请求
2025-03-01 02:08:57,262 - WARNING - 未检测到目标,图片已保存: logs\low_conf_images\20250301\未检测_20250301020857.jpg
2025-03-01 02:08:57,262 - INFO - 检测完成: 
2025-03-01 02:08:57,277 - INFO - 接收到图像数据请求
2025-03-01 02:08:57,387 - WARNING - 未检测到目标,图片已保存: logs\low_conf_images\20250301\未检测_20250301020857.jpg
2025-03-01 02:08:57,388 - INFO - 检测完成: 
2025-03-01 02:08:57,399 - INFO - 接收到图像数据请求
2025-03-01 02:08:57,530 - WARNING - 未检测到目标,图片已保存: logs\low_conf_images\20250301\未检测_20250301020857.jpg
2025-03-01 02:08:57,530 - INFO - 检测完成: 
2025-03-01 02:10:46,539 - INFO - 接收到图像数据请求
2025-03-01 02:10:46,699 - INFO - 检测完成: dibengbeng(0.97)
2025-03-01 02:10:46,734 - INFO - 接收到图像数据请求
2025-03-01 02:10:46,854 - WARNING - 未检测到目标,图片已保存: logs\low_conf_images\20250301\未检测_20250301021046.jpg
2025-03-01 02:10:46,855 - INFO - 检测完成: 
2025-03-01 02:10:46,870 - INFO - 接收到图像数据请求
2025-03-01 02:10:46,988 - WARNING - 未检测到目标,图片已保存: logs\low_conf_images\20250301\未检测_20250301021046.jpg
2025-03-01 02:10:46,988 - INFO - 检测完成: 
2025-03-01 02:10:47,004 - INFO - 接收到图像数据请求
2025-03-01 02:10:47,120 - WARNING - 未检测到目标,图片已保存: logs\low_conf_images\20250301\未检测_20250301021047.jpg
2025-03-01 02:10:47,120 - INFO - 检测完成: 
2025-03-01 02:10:47,135 - INFO - 接收到图像数据请求
2025-03-01 02:10:47,252 - WARNING - 未检测到目标,图片已保存: logs\low_conf_images\20250301\未检测_20250301021047.jpg
2025-03-01 02:10:47,252 - INFO - 检测完成: 
2025-03-01 02:10:47,272 - INFO - 接收到图像数据请求
2025-03-01 02:10:47,404 - WARNING - 未检测到目标,图片已保存: logs\low_conf_images\20250301\未检测_20250301021047.jpg
2025-03-01 02:10:47,405 - INFO - 检测完成: 
2025-03-01 02:10:47,438 - INFO - 接收到图像数据请求
2025-03-01 02:10:47,653 - WARNING - 未检测到目标,图片已保存: logs\low_conf_images\20250301\未检测_20250301021047.jpg
2025-03-01 02:10:47,654 - INFO - 检测完成: 
2025-03-01 02:10:47,700 - INFO - 接收到图像数据请求
2025-03-01 02:10:47,974 - WARNING - 未检测到目标,图片已保存: logs\low_conf_images\20250301\未检测_20250301021047.jpg
2025-03-01 02:10:47,974 - INFO - 检测完成: 
2025-03-01 02:10:47,994 - INFO - 接收到图像数据请求
2025-03-01 02:10:48,115 - WARNING - 未检测到目标,图片已保存: logs\low_conf_images\20250301\未检测_20250301021048.jpg
2025-03-01 02:10:48,115 - INFO - 检测完成: 
2025-03-01 02:10:48,144 - INFO - 接收到图像数据请求
2025-03-01 02:10:48,266 - WARNING - 未检测到目标,图片已保存: logs\low_conf_images\20250301\未检测_20250301021048.jpg
2025-03-01 02:10:48,268 - INFO - 检测完成: 
2025-03-01 02:11:25,418 - INFO - 接收到图像数据请求
2025-03-01 02:11:25,533 - INFO - 检测完成: dibengbeng(0.98)
2025-03-01 02:11:25,565 - INFO - 接收到图像数据请求
2025-03-01 02:11:25,683 - INFO - 检测完成: dibengbeng(0.99)
2025-03-01 02:11:25,707 - INFO - 接收到图像数据请求
2025-03-01 02:11:25,823 - INFO - 检测完成: dibengbeng(0.99)
2025-03-01 02:11:25,848 - INFO - 接收到图像数据请求
2025-03-01 02:11:25,965 - INFO - 检测完成: dibengbeng(1.00)
2025-03-01 02:11:26,000 - INFO - 接收到图像数据请求
2025-03-01 02:11:26,125 - INFO - 检测完成: dibengbeng(0.99)
2025-03-01 02:11:26,160 - INFO - 接收到图像数据请求
2025-03-01 02:11:26,271 - INFO - 检测完成: dibengbeng(0.99)
2025-03-01 02:11:26,300 - INFO - 接收到图像数据请求
2025-03-01 02:11:26,413 - INFO - 检测完成: dibengbeng(1.00)
2025-03-01 02:11:26,438 - INFO - 接收到图像数据请求
2025-03-01 02:11:26,550 - INFO - 检测完成: dibengbeng(0.98)
2025-03-01 02:11:26,569 - INFO - 接收到图像数据请求
2025-03-01 02:11:26,693 - INFO - 检测完成: dibengbeng(0.99)
2025-03-01 02:11:26,719 - INFO - 接收到图像数据请求
2025-03-01 02:11:26,835 - INFO - 检测完成: dibengbeng(1.00)
2025-03-01 02:14:59,081 - INFO - 接收到图像数据请求
2025-03-01 02:14:59,190 - INFO - 检测完成: zhamaotuo(0.97)
2025-03-01 02:14:59,211 - INFO - 接收到图像数据请求
2025-03-01 02:14:59,317 - INFO - 检测完成: zhamaotuo(0.97)
2025-03-01 02:14:59,336 - INFO - 接收到图像数据请求
2025-03-01 02:14:59,442 - INFO - 检测完成: zhamaotuo(0.97)
2025-03-01 02:14:59,469 - INFO - 接收到图像数据请求
2025-03-01 02:14:59,585 - INFO - 检测完成: zhamaotuo(0.97)
2025-03-01 02:14:59,613 - INFO - 接收到图像数据请求
2025-03-01 02:14:59,719 - INFO - 检测完成: zhamaotuo(0.97)
2025-03-01 02:14:59,734 - INFO - 接收到图像数据请求
2025-03-01 02:14:59,852 - INFO - 检测完成: zhamaotuo(0.96)
2025-03-01 02:14:59,866 - INFO - 接收到图像数据请求
2025-03-01 02:14:59,995 - INFO - 检测完成: zhamaotuo(0.98)
2025-03-01 02:15:00,028 - INFO - 接收到图像数据请求
2025-03-01 02:15:00,148 - INFO - 检测完成: zhamaotuo(0.98)
2025-03-01 02:15:00,166 - INFO - 接收到图像数据请求
2025-03-01 02:15:00,284 - INFO - 检测完成: zhamaotuo(0.98)
2025-03-01 02:15:00,298 - INFO - 接收到图像数据请求
2025-03-01 02:15:00,415 - INFO - 检测完成: zhamaotuo(0.98)
2025-03-01 02:17:08,318 - INFO - 接收到图像数据请求
2025-03-01 02:17:08,430 - INFO - 检测完成: jiaohuogu(0.99)
2025-03-01 02:17:08,453 - INFO - 接收到图像数据请求
2025-03-01 02:17:08,561 - INFO - 检测完成: jiaohuogu(0.98)
2025-03-01 02:17:08,581 - INFO - 接收到图像数据请求
2025-03-01 02:17:08,699 - INFO - 检测完成: jiaohuogu(0.99)
2025-03-01 02:17:08,716 - INFO - 接收到图像数据请求
2025-03-01 02:17:08,825 - INFO - 检测完成: jiaohuogu(0.99)
2025-03-01 02:17:08,839 - INFO - 接收到图像数据请求
2025-03-01 02:17:08,944 - INFO - 检测完成: jiaohuogu(0.99)
2025-03-01 02:17:08,959 - INFO - 接收到图像数据请求
2025-03-01 02:17:09,065 - INFO - 检测完成: jiaohuogu(0.99)
2025-03-01 02:17:09,085 - INFO - 接收到图像数据请求
2025-03-01 02:17:09,196 - INFO - 检测完成: jiaohuogu(0.98)
2025-03-01 02:17:09,215 - INFO - 接收到图像数据请求
2025-03-01 02:17:09,329 - INFO - 检测完成: jiaohuogu(0.98)
2025-03-01 02:17:09,347 - INFO - 接收到图像数据请求
2025-03-01 02:17:09,456 - INFO - 检测完成: jiaohuogu(0.98)
2025-03-01 02:17:09,473 - INFO - 接收到图像数据请求
2025-03-01 02:17:09,582 - INFO - 检测完成: jiaohuogu(0.98)
2025-03-01 02:18:42,364 - INFO - 接收到图像数据请求
2025-03-01 02:18:42,472 - INFO - 检测完成: jiaohuogu(0.99)
2025-03-01 02:18:42,495 - INFO - 接收到图像数据请求
2025-03-01 02:18:42,612 - INFO - 检测完成: jiaohuogu(0.98)
2025-03-01 02:18:42,631 - INFO - 接收到图像数据请求
2025-03-01 02:18:42,737 - INFO - 检测完成: jiaohuogu(0.97)
2025-03-01 02:18:42,754 - INFO - 接收到图像数据请求
2025-03-01 02:18:42,867 - INFO - 检测完成: jiaohuogu(0.97)
2025-03-01 02:18:42,895 - INFO - 接收到图像数据请求
2025-03-01 02:18:43,009 - INFO - 检测完成: jiaohuogu(0.97)
2025-03-01 02:18:43,026 - INFO - 接收到图像数据请求
2025-03-01 02:18:43,138 - INFO - 检测完成: jiaohuogu(0.99)
2025-03-01 02:18:43,155 - INFO - 接收到图像数据请求
2025-03-01 02:18:43,262 - INFO - 检测完成: jiaohuogu(1.00)
2025-03-01 02:18:43,276 - INFO - 接收到图像数据请求
2025-03-01 02:18:43,387 - INFO - 检测完成: jiaohuogu(0.99)
2025-03-01 02:18:43,404 - INFO - 接收到图像数据请求
2025-03-01 02:18:43,516 - INFO - 检测完成: jiaohuogu(1.00)
2025-03-01 02:18:43,531 - INFO - 接收到图像数据请求
2025-03-01 02:18:43,640 - INFO - 检测完成: jiaohuogu(0.99)
2025-03-01 02:20:28,458 - INFO - 接收到图像数据请求
2025-03-01 02:20:28,563 - INFO - 检测完成: zhamaotuo(0.94)
2025-03-01 02:20:28,586 - INFO - 接收到图像数据请求
2025-03-01 02:20:28,702 - INFO - 检测完成: zhamaotuo(0.95)
2025-03-01 02:20:28,721 - INFO - 接收到图像数据请求
2025-03-01 02:20:28,852 - INFO - 检测完成: zhamaotuo(0.96)
2025-03-01 02:20:28,877 - INFO - 接收到图像数据请求
2025-03-01 02:20:28,985 - INFO - 检测完成: zhamaotuo(0.96)
2025-03-01 02:20:29,012 - INFO - 接收到图像数据请求
2025-03-01 02:20:29,119 - INFO - 检测完成: zhamaotuo(0.96)
2025-03-01 02:21:53,098 - INFO - 接收到图像数据请求
2025-03-01 02:21:53,205 - INFO - 检测完成: zhamaotuo(0.99)
2025-03-01 02:21:53,225 - INFO - 接收到图像数据请求
2025-03-01 02:21:53,332 - INFO - 检测完成: zhamaotuo(1.00)
2025-03-01 02:21:53,353 - INFO - 接收到图像数据请求
2025-03-01 02:21:53,460 - INFO - 检测完成: zhamaotuo(0.99)
2025-03-01 02:21:53,486 - INFO - 接收到图像数据请求
2025-03-01 02:21:53,590 - INFO - 检测完成: zhamaotuo(0.99)
2025-03-01 02:21:53,609 - INFO - 接收到图像数据请求
2025-03-01 02:21:53,713 - INFO - 检测完成: zhamaotuo(0.99)
2025-03-01 02:23:16,975 - INFO - 接收到图像数据请求
2025-03-01 02:23:17,086 - INFO - 检测完成: zhamaotuo(0.98)
2025-03-01 02:23:17,100 - INFO - 接收到图像数据请求
2025-03-01 02:23:17,220 - INFO - 检测完成: zhamaotuo(0.97)
2025-03-01 02:23:17,235 - INFO - 接收到图像数据请求
2025-03-01 02:23:17,346 - INFO - 检测完成: zhamaotuo(0.98)
2025-03-01 02:23:17,359 - INFO - 接收到图像数据请求
2025-03-01 02:23:17,493 - INFO - 检测完成: zhamaotuo(0.96)
2025-03-01 02:23:17,511 - INFO - 接收到图像数据请求
2025-03-01 02:23:17,634 - INFO - 检测完成: zhamaotuo(0.96)
2025-03-01 02:24:42,728 - INFO - 接收到图像数据请求
2025-03-01 02:24:42,841 - INFO - 检测完成: baobaohu(0.99)
2025-03-01 02:24:42,868 - INFO - 接收到图像数据请求
2025-03-01 02:24:43,018 - INFO - 检测完成: baobaohu(0.99)
2025-03-01 02:24:43,042 - INFO - 接收到图像数据请求
2025-03-01 02:24:43,165 - INFO - 检测完成: baobaohu(0.97)
2025-03-01 02:24:43,179 - INFO - 接收到图像数据请求
2025-03-01 02:24:43,306 - INFO - 检测完成: baobaohu(0.99)
2025-03-01 02:24:43,321 - INFO - 接收到图像数据请求
2025-03-01 02:24:43,442 - INFO - 检测完成: baobaohu(0.97)
